<?xml version="1.0" encoding="UTF-8"?>
<!-- Generated by org.testng.reporters.JUnitXMLReporter -->
<testsuite hostname="jsumt-wyf" name="Default test" tests="4" failures="0" timestamp="15 Jun 2017 08:29:19 GMT" time="3.079" errors="0">
  <testcase name="selectOrgComanysByUserNameTest" time="0.831" classname="com.jsumt.tyfw.test.TyfwTest"/>
  <testcase name="selectOrgDeptByUserNameTest" time="0.066" classname="com.jsumt.tyfw.test.TyfwTest"/>
  <testcase name="selectOrgPeopleByUserNameTest" time="0.039" classname="com.jsumt.tyfw.test.TyfwTest"/>
  <testcase name="selectOsMenuTest" time="0.019" classname="com.jsumt.tyfw.test.TyfwTest"/>
</testsuite> <!-- Default test -->
